# JRE version: Java(TM) SE Runtime Environment (8.0_51-b16) (build 1.8.0_51-b16)
# Java VM: Java HotSpot(TM) 64-Bit Server VM (25.51-b03 mixed mode windows-amd64 compressed oops)
Heap:
 PSYoungGen      total 131584K, used 97665K [0x00000000ebb80000, 0x00000000f4280000, 0x0000000100000000)
  eden space 126464K, 75% used [0x00000000ebb80000,0x00000000f18984e0,0x00000000f3700000)
  from space 5120K, 45% used [0x00000000f3c80000,0x00000000f3ec8000,0x00000000f4180000)
  to   space 5632K, 0% used [0x00000000f3700000,0x00000000f3700000,0x00000000f3c80000)
 ParOldGen       total 42496K, used 8289K [0x00000000c3200000, 0x00000000c5b80000, 0x00000000ebb80000)
  object space 42496K, 19% used [0x00000000c3200000,0x00000000c3a18618,0x00000000c5b80000)
 Metaspace       used 17130K, capacity 17399K, committed 17664K, reserved 1064960K
  class space    used 1851K, capacity 1936K, committed 2048K, reserved 1048576K
GC Heap History (10 events):
Event: 2.512 GC heap before
{Heap before GC invocations=4 (full 0):
 PSYoungGen      total 18432K, used 18407K [0x00000000ebb80000, 0x00000000edf80000, 0x0000000100000000)
  eden space 15872K, 100% used [0x00000000ebb80000,0x00000000ecb00000,0x00000000ecb00000)
  from space 2560K, 99% used [0x00000000ecb00000,0x00000000ecd79c78,0x00000000ecd80000)
  to   space 2560K, 0% used [0x00000000edd00000,0x00000000edd00000,0x00000000edf80000)
 ParOldGen       total 42496K, used 3131K [0x00000000c3200000, 0x00000000c5b80000, 0x00000000ebb80000)
  object space 42496K, 7% used [0x00000000c3200000,0x00000000c350ec60,0x00000000c5b80000)
 Metaspace       used 14200K, capacity 14415K, committed 14720K, reserved 1062912K
  class space    used 1561K, capacity 1636K, committed 1664K, reserved 1048576K
Event: 2.523 GC heap after
Heap after GC invocations=4 (full 0):
 PSYoungGen      total 34304K, used 2535K [0x00000000ebb80000, 0x00000000edf80000, 0x0000000100000000)
  eden space 31744K, 0% used [0x00000000ebb80000,0x00000000ebb80000,0x00000000eda80000)
  from space 2560K, 99% used [0x00000000edd00000,0x00000000edf79c78,0x00000000edf80000)
  to   space 2560K, 0% used [0x00000000eda80000,0x00000000eda80000,0x00000000edd00000)
 ParOldGen       total 42496K, used 3884K [0x00000000c3200000, 0x00000000c5b80000, 0x00000000ebb80000)
  object space 42496K, 9% used [0x00000000c3200000,0x00000000c35cb220,0x00000000c5b80000)
 Metaspace       used 14200K, capacity 14415K, committed 14720K, reserved 1062912K
  class space    used 1561K, capacity 1636K, committed 1664K, reserved 1048576K
}
Event: 3.119 GC heap before
{Heap before GC invocations=5 (full 0):
 PSYoungGen      total 34304K, used 34279K [0x00000000ebb80000, 0x00000000edf80000, 0x0000000100000000)
  eden space 31744K, 100% used [0x00000000ebb80000,0x00000000eda80000,0x00000000eda80000)
  from space 2560K, 99% used [0x00000000edd00000,0x00000000edf79c78,0x00000000edf80000)
  to   space 2560K, 0% used [0x00000000eda80000,0x00000000eda80000,0x00000000edd00000)
 ParOldGen       total 42496K, used 3884K [0x00000000c3200000, 0x00000000c5b80000, 0x00000000ebb80000)
  object space 42496K, 9% used [0x00000000c3200000,0x00000000c35cb220,0x00000000c5b80000)
 Metaspace       used 14779K, capacity 15103K, committed 15360K, reserved 1062912K
  class space    used 1609K, capacity 1708K, committed 1792K, reserved 1048576K
Event: 3.134 GC heap after
Heap after GC invocations=5 (full 0):
 PSYoungGen      total 34304K, used 2535K [0x00000000ebb80000, 0x00000000f0480000, 0x0000000100000000)
  eden space 31744K, 0% used [0x00000000ebb80000,0x00000000ebb80000,0x00000000eda80000)
  from space 2560K, 99% used [0x00000000eda80000,0x00000000edcf9c78,0x00000000edd00000)
  to   space 5632K, 0% used [0x00000000eff00000,0x00000000eff00000,0x00000000f0480000)
 ParOldGen       total 42496K, used 6439K [0x00000000c3200000, 0x00000000c5b80000, 0x00000000ebb80000)
  object space 42496K, 15% used [0x00000000c3200000,0x00000000c3849c08,0x00000000c5b80000)
 Metaspace       used 14779K, capacity 15103K, committed 15360K, reserved 1062912K
  class space    used 1609K, capacity 1708K, committed 1792K, reserved 1048576K
}
Event: 3.695 GC heap before
{Heap before GC invocations=6 (full 0):
 PSYoungGen      total 34304K, used 34279K [0x00000000ebb80000, 0x00000000f0480000, 0x0000000100000000)
  eden space 31744K, 100% used [0x00000000ebb80000,0x00000000eda80000,0x00000000eda80000)
  from space 2560K, 99% used [0x00000000eda80000,0x00000000edcf9c78,0x00000000edd00000)
  to   space 5632K, 0% used [0x00000000eff00000,0x00000000eff00000,0x00000000f0480000)
 ParOldGen       total 42496K, used 6439K [0x00000000c3200000, 0x00000000c5b80000, 0x00000000ebb80000)
  object space 42496K, 15% used [0x00000000c3200000,0x00000000c3849c08,0x00000000c5b80000)
 Metaspace       used 15950K, capacity 16223K, committed 16512K, reserved 1064960K
  class space    used 1770K, capacity 1868K, committed 1920K, reserved 1048576K
Event: 3.711 GC heap after
Heap after GC invocations=6 (full 0):
 PSYoungGen      total 69120K, used 4007K [0x00000000ebb80000, 0x00000000f0480000, 0x0000000100000000)
  eden space 63488K, 0% used [0x00000000ebb80000,0x00000000ebb80000,0x00000000ef980000)
  from space 5632K, 71% used [0x00000000eff00000,0x00000000f02e9c78,0x00000000f0480000)
  to   space 5632K, 0% used [0x00000000ef980000,0x00000000ef980000,0x00000000eff00000)
 ParOldGen       total 42496K, used 6447K [0x00000000c3200000, 0x00000000c5b80000, 0x00000000ebb80000)
  object space 42496K, 15% used [0x00000000c3200000,0x00000000c384bc08,0x00000000c5b80000)
 Metaspace       used 15950K, capacity 16223K, committed 16512K, reserved 1064960K
  class space    used 1770K, capacity 1868K, committed 1920K, reserved 1048576K
}
Event: 7.591 GC heap before
{Heap before GC invocations=7 (full 0):
 PSYoungGen      total 69120K, used 67495K [0x00000000ebb80000, 0x00000000f0480000, 0x0000000100000000)
  eden space 63488K, 100% used [0x00000000ebb80000,0x00000000ef980000,0x00000000ef980000)
  from space 5632K, 71% used [0x00000000eff00000,0x00000000f02e9c78,0x00000000f0480000)
  to   space 5632K, 0% used [0x00000000ef980000,0x00000000ef980000,0x00000000eff00000)
 ParOldGen       total 42496K, used 6447K [0x00000000c3200000, 0x00000000c5b80000, 0x00000000ebb80000)
  object space 42496K, 15% used [0x00000000c3200000,0x00000000c384bc08,0x00000000c5b80000)
 Metaspace       used 16916K, capacity 17201K, committed 17408K, reserved 1064960K
  class space    used 1838K, capacity 1935K, committed 2048K, reserved 1048576K
Event: 7.608 GC heap after
Heap after GC invocations=7 (full 0):
 PSYoungGen      total 69120K, used 3540K [0x00000000ebb80000, 0x00000000f4180000, 0x0000000100000000)
  eden space 63488K, 0% used [0x00000000ebb80000,0x00000000ebb80000,0x00000000ef980000)
  from space 5632K, 62% used [0x00000000ef980000,0x00000000efcf5110,0x00000000eff00000)
  to   space 5120K, 0% used [0x00000000f3c80000,0x00000000f3c80000,0x00000000f4180000)
 ParOldGen       total 42496K, used 7483K [0x00000000c3200000, 0x00000000c5b80000, 0x00000000ebb80000)
  object space 42496K, 17% used [0x00000000c3200000,0x00000000c394ed28,0x00000000c5b80000)
 Metaspace       used 16916K, capacity 17201K, committed 17408K, reserved 1064960K
  class space    used 1838K, capacity 1935K, committed 2048K, reserved 1048576K
}
Event: 8.713 GC heap before
{Heap before GC invocations=8 (full 0):
 PSYoungGen      total 69120K, used 67028K [0x00000000ebb80000, 0x00000000f4180000, 0x0000000100000000)
  eden space 63488K, 100% used [0x00000000ebb80000,0x00000000ef980000,0x00000000ef980000)
  from space 5632K, 62% used [0x00000000ef980000,0x00000000efcf5110,0x00000000eff00000)
  to   space 5120K, 0% used [0x00000000f3c80000,0x00000000f3c80000,0x00000000f4180000)
 ParOldGen       total 42496K, used 7483K [0x00000000c3200000, 0x00000000c5b80000, 0x00000000ebb80000)
  object space 42496K, 17% used [0x00000000c3200000,0x00000000c394ed28,0x00000000c5b80000)
 Metaspace       used 16952K, capacity 17265K, committed 17664K, reserved 1064960K
  class space    used 1838K, capacity 1935K, committed 2048K, reserved 1048576K
Event: 8.721 GC heap after
Heap after GC invocations=8 (full 0):
 PSYoungGen      total 131584K, used 2336K [0x00000000ebb80000, 0x00000000f4280000, 0x0000000100000000)
  eden space 126464K, 0% used [0x00000000ebb80000,0x00000000ebb80000,0x00000000f3700000)
  from space 5120K, 45% used [0x00000000f3c80000,0x00000000f3ec8000,0x00000000f4180000)
  to   space 5632K, 0% used [0x00000000f3700000,0x00000000f3700000,0x00000000f3c80000)
 ParOldGen       total 42496K, used 8289K [0x00000000c3200000, 0x00000000c5b80000, 0x00000000ebb80000)
  object space 42496K, 19% used [0x00000000c3200000,0x00000000c3a18618,0x00000000c5b80000)
 Metaspace       used 16952K, capacity 17265K, committed 17664K, reserved 1064960K
  class space    used 1838K, capacity 1935K, committed 2048K, reserved 1048576K
}

