# JRE version: Java(TM) SE Runtime Environment (8.0_45-b15) (build 1.8.0_45-b15)
# Java VM: Java HotSpot(TM) 64-Bit Server VM (25.45-b02 mixed mode windows-amd64 compressed oops)
Heap:
 PSYoungGen      total 660480K, used 337652K [0x00000000d5980000, 0x0000000100000000, 0x0000000100000000)
  eden space 647680K, 50% used [0x00000000d5980000,0x00000000e96c43b0,0x00000000fd200000)
  from space 12800K, 99% used [0x00000000ff380000,0x00000000ffff8da0,0x0000000100000000)
  to   space 23552K, 0% used [0x00000000fd200000,0x00000000fd200000,0x00000000fe900000)
 ParOldGen       total 249856K, used 167837K [0x0000000080c00000, 0x0000000090000000, 0x00000000d5980000)
  object space 249856K, 67% used [0x0000000080c00000,0x000000008afe74d0,0x0000000090000000)
 Metaspace       used 10700K, capacity 10817K, committed 10880K, reserved 1058816K
  class space    used 1130K, capacity 1139K, committed 1152K, reserved 1048576K
GC Heap History (10 events):
Event: 39.938 GC heap before
{Heap before GC invocations=179 (full 5):
 PSYoungGen      total 684544K, used 681267K [0x00000000d5980000, 0x0000000100000000, 0x0000000100000000)
  eden space 674304K, 100% used [0x00000000d5980000,0x00000000fec00000,0x00000000fec00000)
  from space 10240K, 67% used [0x00000000fec00000,0x00000000ff2ccca0,0x00000000ff600000)
  to   space 10240K, 0% used [0x00000000ff600000,0x00000000ff600000,0x0000000100000000)
 ParOldGen       total 249856K, used 137926K [0x0000000080c00000, 0x0000000090000000, 0x00000000d5980000)
  object space 249856K, 55% used [0x0000000080c00000,0x00000000892b19d0,0x0000000090000000)
 Metaspace       used 10210K, capacity 10305K, committed 10368K, reserved 1058816K
  class space    used 1113K, capacity 1139K, committed 1152K, reserved 1048576K
Event: 39.948 GC heap after
Heap after GC invocations=179 (full 5):
 PSYoungGen      total 684544K, used 6675K [0x00000000d5980000, 0x0000000100000000, 0x0000000100000000)
  eden space 674304K, 0% used [0x00000000d5980000,0x00000000d5980000,0x00000000fec00000)
  from space 10240K, 65% used [0x00000000ff600000,0x00000000ffc84ca0,0x0000000100000000)
  to   space 10240K, 0% used [0x00000000fec00000,0x00000000fec00000,0x00000000ff600000)
 ParOldGen       total 249856K, used 138366K [0x0000000080c00000, 0x0000000090000000, 0x00000000d5980000)
  object space 249856K, 55% used [0x0000000080c00000,0x000000008931f9d0,0x0000000090000000)
 Metaspace       used 10210K, capacity 10305K, committed 10368K, reserved 1058816K
  class space    used 1113K, capacity 1139K, committed 1152K, reserved 1048576K
}
Event: 40.393 GC heap before
{Heap before GC invocations=180 (full 5):
 PSYoungGen      total 684544K, used 680979K [0x00000000d5980000, 0x0000000100000000, 0x0000000100000000)
  eden space 674304K, 100% used [0x00000000d5980000,0x00000000fec00000,0x00000000fec00000)
  from space 10240K, 65% used [0x00000000ff600000,0x00000000ffc84ca0,0x0000000100000000)
  to   space 10240K, 0% used [0x00000000fec00000,0x00000000fec00000,0x00000000ff600000)
 ParOldGen       total 249856K, used 138366K [0x0000000080c00000, 0x0000000090000000, 0x00000000d5980000)
  object space 249856K, 55% used [0x0000000080c00000,0x000000008931f9d0,0x0000000090000000)
 Metaspace       used 10279K, capacity 10369K, committed 10624K, reserved 1058816K
  class space    used 1115K, capacity 1139K, committed 1152K, reserved 1048576K
Event: 40.401 GC heap after
Heap after GC invocations=180 (full 5):
 PSYoungGen      total 684544K, used 10240K [0x00000000d5980000, 0x0000000100000000, 0x0000000100000000)
  eden space 674304K, 0% used [0x00000000d5980000,0x00000000d5980000,0x00000000fec00000)
  from space 10240K, 100% used [0x00000000fec00000,0x00000000ff600000,0x00000000ff600000)
  to   space 10240K, 0% used [0x00000000ff600000,0x00000000ff600000,0x0000000100000000)
 ParOldGen       total 249856K, used 139526K [0x0000000080c00000, 0x0000000090000000, 0x00000000d5980000)
  object space 249856K, 55% used [0x0000000080c00000,0x00000000894419d0,0x0000000090000000)
 Metaspace       used 10279K, capacity 10369K, committed 10624K, reserved 1058816K
  class space    used 1115K, capacity 1139K, committed 1152K, reserved 1048576K
}
Event: 40.966 GC heap before
{Heap before GC invocations=181 (full 5):
 PSYoungGen      total 684544K, used 684544K [0x00000000d5980000, 0x0000000100000000, 0x0000000100000000)
  eden space 674304K, 100% used [0x00000000d5980000,0x00000000fec00000,0x00000000fec00000)
  from space 10240K, 100% used [0x00000000fec00000,0x00000000ff600000,0x00000000ff600000)
  to   space 10240K, 0% used [0x00000000ff600000,0x00000000ff600000,0x0000000100000000)
 ParOldGen       total 249856K, used 139526K [0x0000000080c00000, 0x0000000090000000, 0x00000000d5980000)
  object space 249856K, 55% used [0x0000000080c00000,0x00000000894419d0,0x0000000090000000)
 Metaspace       used 10280K, capacity 10369K, committed 10624K, reserved 1058816K
  class space    used 1116K, capacity 1139K, committed 1152K, reserved 1048576K
Event: 40.974 GC heap after
Heap after GC invocations=181 (full 5):
 PSYoungGen      total 679424K, used 10221K [0x00000000d5980000, 0x0000000100000000, 0x0000000100000000)
  eden space 669184K, 0% used [0x00000000d5980000,0x00000000d5980000,0x00000000fe700000)
  from space 10240K, 99% used [0x00000000ff600000,0x00000000ffffb790,0x0000000100000000)
  to   space 12800K, 0% used [0x00000000fe700000,0x00000000fe700000,0x00000000ff380000)
 ParOldGen       total 249856K, used 141885K [0x0000000080c00000, 0x0000000090000000, 0x00000000d5980000)
  object space 249856K, 56% used [0x0000000080c00000,0x000000008968f720,0x0000000090000000)
 Metaspace       used 10280K, capacity 10369K, committed 10624K, reserved 1058816K
  class space    used 1116K, capacity 1139K, committed 1152K, reserved 1048576K
}
Event: 41.648 GC heap before
{Heap before GC invocations=182 (full 5):
 PSYoungGen      total 679424K, used 679405K [0x00000000d5980000, 0x0000000100000000, 0x0000000100000000)
  eden space 669184K, 100% used [0x00000000d5980000,0x00000000fe700000,0x00000000fe700000)
  from space 10240K, 99% used [0x00000000ff600000,0x00000000ffffb790,0x0000000100000000)
  to   space 12800K, 0% used [0x00000000fe700000,0x00000000fe700000,0x00000000ff380000)
 ParOldGen       total 249856K, used 141885K [0x0000000080c00000, 0x0000000090000000, 0x00000000d5980000)
  object space 249856K, 56% used [0x0000000080c00000,0x000000008968f720,0x0000000090000000)
 Metaspace       used 10280K, capacity 10369K, committed 10624K, reserved 1058816K
  class space    used 1116K, capacity 1139K, committed 1152K, reserved 1048576K
Event: 41.671 GC heap after
Heap after GC invocations=182 (full 5):
 PSYoungGen      total 681984K, used 12793K [0x00000000d5980000, 0x0000000100000000, 0x0000000100000000)
  eden space 669184K, 0% used [0x00000000d5980000,0x00000000d5980000,0x00000000fe700000)
  from space 12800K, 99% used [0x00000000fe700000,0x00000000ff37e520,0x00000000ff380000)
  to   space 12800K, 0% used [0x00000000ff380000,0x00000000ff380000,0x0000000100000000)
 ParOldGen       total 249856K, used 152828K [0x0000000080c00000, 0x0000000090000000, 0x00000000d5980000)
  object space 249856K, 61% used [0x0000000080c00000,0x000000008a13f168,0x0000000090000000)
 Metaspace       used 10280K, capacity 10369K, committed 10624K, reserved 1058816K
  class space    used 1116K, capacity 1139K, committed 1152K, reserved 1048576K
}
Event: 42.395 GC heap before
{Heap before GC invocations=183 (full 5):
 PSYoungGen      total 681984K, used 681977K [0x00000000d5980000, 0x0000000100000000, 0x0000000100000000)
  eden space 669184K, 100% used [0x00000000d5980000,0x00000000fe700000,0x00000000fe700000)
  from space 12800K, 99% used [0x00000000fe700000,0x00000000ff37e520,0x00000000ff380000)
  to   space 12800K, 0% used [0x00000000ff380000,0x00000000ff380000,0x0000000100000000)
 ParOldGen       total 249856K, used 152828K [0x0000000080c00000, 0x0000000090000000, 0x00000000d5980000)
  object space 249856K, 61% used [0x0000000080c00000,0x000000008a13f168,0x0000000090000000)
 Metaspace       used 10280K, capacity 10369K, committed 10624K, reserved 1058816K
  class space    used 1116K, capacity 1139K, committed 1152K, reserved 1048576K
Event: 42.435 GC heap after
Heap after GC invocations=183 (full 5):
 PSYoungGen      total 660480K, used 12771K [0x00000000d5980000, 0x0000000100000000, 0x0000000100000000)
  eden space 647680K, 0% used [0x00000000d5980000,0x00000000d5980000,0x00000000fd200000)
  from space 12800K, 99% used [0x00000000ff380000,0x00000000ffff8da0,0x0000000100000000)
  to   space 23552K, 0% used [0x00000000fd200000,0x00000000fd200000,0x00000000fe900000)
 ParOldGen       total 249856K, used 167837K [0x0000000080c00000, 0x0000000090000000, 0x00000000d5980000)
  object space 249856K, 67% used [0x0000000080c00000,0x000000008afe74d0,0x0000000090000000)
 Metaspace       used 10280K, capacity 10369K, committed 10624K, reserved 1058816K
  class space    used 1116K, capacity 1139K, committed 1152K, reserved 1048576K
}

