# JRE version: Java(TM) SE Runtime Environment (8.0_60-b27) (build 1.8.0_60-b27)
# Java VM: Java HotSpot(TM) 64-Bit Server VM (25.60-b23 mixed mode bsd-amd64 compressed oops)
Heap:
 PSYoungGen      total 52736K, used 40254K [0x0000000785580000, 0x000000078bc80000, 0x00000007c0000000)
  eden space 45568K, 72% used [0x0000000785580000,0x00000007875d54b8,0x0000000788200000)
  from space 7168K, 99% used [0x0000000788200000,0x00000007888fa5c0,0x0000000788900000)
  to   space 7168K, 0% used [0x000000078b580000,0x000000078b580000,0x000000078bc80000)
 ParOldGen       total 120320K, used 7129K [0x0000000710000000, 0x0000000717580000, 0x0000000785580000)
  object space 120320K, 5% used [0x0000000710000000,0x00000007106f6428,0x0000000717580000)
 Metaspace       used 17333K, capacity 17655K, committed 17792K, reserved 1064960K
  class space    used 1835K, capacity 1917K, committed 1920K, reserved 1048576K
GC Heap History (6 events):
Event: 1.755 GC heap before
{Heap before GC invocations=1 (full 0):
 PSYoungGen      total 52736K, used 45568K [0x0000000785580000, 0x0000000789000000, 0x00000007c0000000)
  eden space 45568K, 100% used [0x0000000785580000,0x0000000788200000,0x0000000788200000)
  from space 7168K, 0% used [0x0000000788900000,0x0000000788900000,0x0000000789000000)
  to   space 7168K, 0% used [0x0000000788200000,0x0000000788200000,0x0000000788900000)
 ParOldGen       total 120320K, used 0K [0x0000000710000000, 0x0000000717580000, 0x0000000785580000)
  object space 120320K, 0% used [0x0000000710000000,0x0000000710000000,0x0000000717580000)
 Metaspace       used 13181K, capacity 13453K, committed 13568K, reserved 1060864K
  class space    used 1417K, capacity 1477K, committed 1536K, reserved 1048576K
Event: 1.772 GC heap after
Heap after GC invocations=1 (full 0):
 PSYoungGen      total 52736K, used 5051K [0x0000000785580000, 0x0000000789000000, 0x00000007c0000000)
  eden space 45568K, 0% used [0x0000000785580000,0x0000000785580000,0x0000000788200000)
  from space 7168K, 70% used [0x0000000788200000,0x00000007886eee78,0x0000000788900000)
  to   space 7168K, 0% used [0x0000000788900000,0x0000000788900000,0x0000000789000000)
 ParOldGen       total 120320K, used 16K [0x0000000710000000, 0x0000000717580000, 0x0000000785580000)
  object space 120320K, 0% used [0x0000000710000000,0x0000000710004000,0x0000000717580000)
 Metaspace       used 13181K, capacity 13453K, committed 13568K, reserved 1060864K
  class space    used 1417K, capacity 1477K, committed 1536K, reserved 1048576K
}
Event: 2.360 GC heap before
{Heap before GC invocations=2 (full 0):
 PSYoungGen      total 52736K, used 50619K [0x0000000785580000, 0x0000000789000000, 0x00000007c0000000)
  eden space 45568K, 100% used [0x0000000785580000,0x0000000788200000,0x0000000788200000)
  from space 7168K, 70% used [0x0000000788200000,0x00000007886eee78,0x0000000788900000)
  to   space 7168K, 0% used [0x0000000788900000,0x0000000788900000,0x0000000789000000)
 ParOldGen       total 120320K, used 16K [0x0000000710000000, 0x0000000717580000, 0x0000000785580000)
  object space 120320K, 0% used [0x0000000710000000,0x0000000710004000,0x0000000717580000)
 Metaspace       used 14438K, capacity 14749K, committed 14976K, reserved 1062912K
  class space    used 1545K, capacity 1645K, committed 1664K, reserved 1048576K
Event: 2.391 GC heap after
Heap after GC invocations=2 (full 0):
 PSYoungGen      total 52736K, used 7162K [0x0000000785580000, 0x000000078bc80000, 0x00000007c0000000)
  eden space 45568K, 0% used [0x0000000785580000,0x0000000785580000,0x0000000788200000)
  from space 7168K, 99% used [0x0000000788900000,0x0000000788ffe9d0,0x0000000789000000)
  to   space 7168K, 0% used [0x0000000788200000,0x0000000788200000,0x0000000788900000)
 ParOldGen       total 120320K, used 5226K [0x0000000710000000, 0x0000000717580000, 0x0000000785580000)
  object space 120320K, 4% used [0x0000000710000000,0x000000071051a928,0x0000000717580000)
 Metaspace       used 14438K, capacity 14749K, committed 14976K, reserved 1062912K
  class space    used 1545K, capacity 1645K, committed 1664K, reserved 1048576K
}
Event: 3.079 GC heap before
{Heap before GC invocations=3 (full 0):
 PSYoungGen      total 52736K, used 52730K [0x0000000785580000, 0x000000078bc80000, 0x00000007c0000000)
  eden space 45568K, 100% used [0x0000000785580000,0x0000000788200000,0x0000000788200000)
  from space 7168K, 99% used [0x0000000788900000,0x0000000788ffe9d0,0x0000000789000000)
  to   space 7168K, 0% used [0x0000000788200000,0x0000000788200000,0x0000000788900000)
 ParOldGen       total 120320K, used 5226K [0x0000000710000000, 0x0000000717580000, 0x0000000785580000)
  object space 120320K, 4% used [0x0000000710000000,0x000000071051a928,0x0000000717580000)
 Metaspace       used 15627K, capacity 15933K, committed 16128K, reserved 1062912K
  class space    used 1653K, capacity 1751K, committed 1792K, reserved 1048576K
Event: 3.099 GC heap after
Heap after GC invocations=3 (full 0):
 PSYoungGen      total 52736K, used 7145K [0x0000000785580000, 0x000000078bc80000, 0x00000007c0000000)
  eden space 45568K, 0% used [0x0000000785580000,0x0000000785580000,0x0000000788200000)
  from space 7168K, 99% used [0x0000000788200000,0x00000007888fa5c0,0x0000000788900000)
  to   space 7168K, 0% used [0x000000078b580000,0x000000078b580000,0x000000078bc80000)
 ParOldGen       total 120320K, used 7129K [0x0000000710000000, 0x0000000717580000, 0x0000000785580000)
  object space 120320K, 5% used [0x0000000710000000,0x00000007106f6428,0x0000000717580000)
 Metaspace       used 15627K, capacity 15933K, committed 16128K, reserved 1062912K
  class space    used 1653K, capacity 1751K, committed 1792K, reserved 1048576K
}

