# JRE version: Java(TM) SE Runtime Environment (8.0_60-b27) (build 1.8.0_60-b27)
# Java VM: Java HotSpot(TM) 64-Bit Server VM (25.60-b23 mixed mode bsd-amd64 compressed oops)
Heap:
 PSYoungGen      total 98304K, used 11262K [0x0000000785580000, 0x000000078bc80000, 0x00000007c0000000)
  eden space 91136K, 4% used [0x0000000785580000,0x0000000785984f70,0x000000078ae80000)
  from space 7168K, 99% used [0x000000078b580000,0x000000078bc7a980,0x000000078bc80000)
  to   space 7168K, 0% used [0x000000078ae80000,0x000000078ae80000,0x000000078b580000)
 ParOldGen       total 120320K, used 10646K [0x0000000710000000, 0x0000000717580000, 0x0000000785580000)
  object space 120320K, 8% used [0x0000000710000000,0x0000000710a65bc8,0x0000000717580000)
 Metaspace       used 17560K, capacity 17861K, committed 18048K, reserved 1064960K
  class space    used 1836K, capacity 1918K, committed 1920K, reserved 1048576K
GC Heap History (8 events):
Event: 8.296 GC heap before
{Heap before GC invocations=1 (full 0):
 PSYoungGen      total 52736K, used 45568K [0x0000000785580000, 0x0000000789000000, 0x00000007c0000000)
  eden space 45568K, 100% used [0x0000000785580000,0x0000000788200000,0x0000000788200000)
  from space 7168K, 0% used [0x0000000788900000,0x0000000788900000,0x0000000789000000)
  to   space 7168K, 0% used [0x0000000788200000,0x0000000788200000,0x0000000788900000)
 ParOldGen       total 120320K, used 0K [0x0000000710000000, 0x0000000717580000, 0x0000000785580000)
  object space 120320K, 0% used [0x0000000710000000,0x0000000710000000,0x0000000717580000)
 Metaspace       used 13159K, capacity 13393K, committed 13568K, reserved 1060864K
  class space    used 1395K, capacity 1477K, committed 1536K, reserved 1048576K
Event: 8.316 GC heap after
Heap after GC invocations=1 (full 0):
 PSYoungGen      total 52736K, used 5012K [0x0000000785580000, 0x0000000789000000, 0x00000007c0000000)
  eden space 45568K, 0% used [0x0000000785580000,0x0000000785580000,0x0000000788200000)
  from space 7168K, 69% used [0x0000000788200000,0x00000007886e5158,0x0000000788900000)
  to   space 7168K, 0% used [0x0000000788900000,0x0000000788900000,0x0000000789000000)
 ParOldGen       total 120320K, used 16K [0x0000000710000000, 0x0000000717580000, 0x0000000785580000)
  object space 120320K, 0% used [0x0000000710000000,0x0000000710004000,0x0000000717580000)
 Metaspace       used 13159K, capacity 13393K, committed 13568K, reserved 1060864K
  class space    used 1395K, capacity 1477K, committed 1536K, reserved 1048576K
}
Event: 9.123 GC heap before
{Heap before GC invocations=2 (full 0):
 PSYoungGen      total 52736K, used 50580K [0x0000000785580000, 0x0000000789000000, 0x00000007c0000000)
  eden space 45568K, 100% used [0x0000000785580000,0x0000000788200000,0x0000000788200000)
  from space 7168K, 69% used [0x0000000788200000,0x00000007886e5158,0x0000000788900000)
  to   space 7168K, 0% used [0x0000000788900000,0x0000000788900000,0x0000000789000000)
 ParOldGen       total 120320K, used 16K [0x0000000710000000, 0x0000000717580000, 0x0000000785580000)
  object space 120320K, 0% used [0x0000000710000000,0x0000000710004000,0x0000000717580000)
 Metaspace       used 14544K, capacity 14785K, committed 14976K, reserved 1062912K
  class space    used 1538K, capacity 1613K, committed 1664K, reserved 1048576K
Event: 9.165 GC heap after
Heap after GC invocations=2 (full 0):
 PSYoungGen      total 52736K, used 7162K [0x0000000785580000, 0x000000078bc80000, 0x00000007c0000000)
  eden space 45568K, 0% used [0x0000000785580000,0x0000000785580000,0x0000000788200000)
  from space 7168K, 99% used [0x0000000788900000,0x0000000788ffea00,0x0000000789000000)
  to   space 7168K, 0% used [0x0000000788200000,0x0000000788200000,0x0000000788900000)
 ParOldGen       total 120320K, used 6224K [0x0000000710000000, 0x0000000717580000, 0x0000000785580000)
  object space 120320K, 5% used [0x0000000710000000,0x0000000710614310,0x0000000717580000)
 Metaspace       used 14544K, capacity 14785K, committed 14976K, reserved 1062912K
  class space    used 1538K, capacity 1613K, committed 1664K, reserved 1048576K
}
Event: 10.418 GC heap before
{Heap before GC invocations=3 (full 0):
 PSYoungGen      total 52736K, used 52730K [0x0000000785580000, 0x000000078bc80000, 0x00000007c0000000)
  eden space 45568K, 100% used [0x0000000785580000,0x0000000788200000,0x0000000788200000)
  from space 7168K, 99% used [0x0000000788900000,0x0000000788ffea00,0x0000000789000000)
  to   space 7168K, 0% used [0x0000000788200000,0x0000000788200000,0x0000000788900000)
 ParOldGen       total 120320K, used 6224K [0x0000000710000000, 0x0000000717580000, 0x0000000785580000)
  object space 120320K, 5% used [0x0000000710000000,0x0000000710614310,0x0000000717580000)
 Metaspace       used 15710K, capacity 15997K, committed 16128K, reserved 1062912K
  class space    used 1646K, capacity 1751K, committed 1792K, reserved 1048576K
Event: 10.439 GC heap after
Heap after GC invocations=3 (full 0):
 PSYoungGen      total 52736K, used 7162K [0x0000000785580000, 0x000000078bc80000, 0x00000007c0000000)
  eden space 45568K, 0% used [0x0000000785580000,0x0000000785580000,0x0000000788200000)
  from space 7168K, 99% used [0x0000000788200000,0x00000007888fe980,0x0000000788900000)
  to   space 7168K, 0% used [0x000000078b580000,0x000000078b580000,0x000000078bc80000)
 ParOldGen       total 120320K, used 6622K [0x0000000710000000, 0x0000000717580000, 0x0000000785580000)
  object space 120320K, 5% used [0x0000000710000000,0x0000000710677958,0x0000000717580000)
 Metaspace       used 15710K, capacity 15997K, committed 16128K, reserved 1062912K
  class space    used 1646K, capacity 1751K, committed 1792K, reserved 1048576K
}
Event: 33.050 GC heap before
{Heap before GC invocations=4 (full 0):
 PSYoungGen      total 52736K, used 52730K [0x0000000785580000, 0x000000078bc80000, 0x00000007c0000000)
  eden space 45568K, 100% used [0x0000000785580000,0x0000000788200000,0x0000000788200000)
  from space 7168K, 99% used [0x0000000788200000,0x00000007888fe980,0x0000000788900000)
  to   space 7168K, 0% used [0x000000078b580000,0x000000078b580000,0x000000078bc80000)
 ParOldGen       total 120320K, used 6622K [0x0000000710000000, 0x0000000717580000, 0x0000000785580000)
  object space 120320K, 5% used [0x0000000710000000,0x0000000710677958,0x0000000717580000)
 Metaspace       used 17560K, capacity 17861K, committed 18048K, reserved 1064960K
  class space    used 1836K, capacity 1918K, committed 1920K, reserved 1048576K
Event: 33.086 GC heap after
Heap after GC invocations=4 (full 0):
 PSYoungGen      total 98304K, used 7146K [0x0000000785580000, 0x000000078bc80000, 0x00000007c0000000)
  eden space 91136K, 0% used [0x0000000785580000,0x0000000785580000,0x000000078ae80000)
  from space 7168K, 99% used [0x000000078b580000,0x000000078bc7a980,0x000000078bc80000)
  to   space 7168K, 0% used [0x000000078ae80000,0x000000078ae80000,0x000000078b580000)
 ParOldGen       total 120320K, used 10646K [0x0000000710000000, 0x0000000717580000, 0x0000000785580000)
  object space 120320K, 8% used [0x0000000710000000,0x0000000710a65bc8,0x0000000717580000)
 Metaspace       used 17560K, capacity 17861K, committed 18048K, reserved 1064960K
  class space    used 1836K, capacity 1918K, committed 1920K, reserved 1048576K
}

